d:\новая папка\users\admin\source\repos\infinity core\x64\debug\vc143.pdb
d:\новая папка\users\admin\source\repos\infinity core\x64\debug\vc143.idb
d:\новая папка\users\admin\source\repos\infinity core\x64\debug\world.obj
d:\новая папка\users\admin\source\repos\infinity core\x64\debug\vector3.obj
d:\новая папка\users\admin\source\repos\infinity core\x64\debug\vector2.obj
d:\новая папка\users\admin\source\repos\infinity core\x64\debug\time.obj
d:\новая папка\users\admin\source\repos\infinity core\x64\debug\renderer.obj
d:\новая папка\users\admin\source\repos\infinity core\x64\debug\material.obj
d:\новая папка\users\admin\source\repos\infinity core\x64\debug\mathf.obj
d:\новая папка\users\admin\source\repos\infinity core\x64\debug\program.obj
d:\новая папка\users\admin\source\repos\infinity core\x64\debug\player.obj
d:\новая папка\users\admin\source\repos\infinity core\x64\debug\gameobject.obj
d:\новая папка\users\admin\source\repos\infinity core\x64\debug\engine.obj
d:\новая папка\users\admin\source\repos\infinity core\x64\debug\testgame.obj
d:\новая папка\users\admin\source\repos\infinity core\x64\debug\infinity core.exe
d:\новая папка\users\admin\source\repos\infinity core\x64\debug\infinity core.ilk
d:\новая папка\users\admin\source\repos\infinity core\x64\debug\infinity core.pdb
d:\новая папка\users\admin\source\repos\infinity core\x64\debug\infinity core.tlog\cl.command.1.tlog
d:\новая папка\users\admin\source\repos\infinity core\x64\debug\infinity core.tlog\cl.items.tlog
d:\новая папка\users\admin\source\repos\infinity core\x64\debug\infinity core.tlog\cl.read.1.tlog
d:\новая папка\users\admin\source\repos\infinity core\x64\debug\infinity core.tlog\cl.write.1.tlog
d:\новая папка\users\admin\source\repos\infinity core\x64\debug\infinity core.tlog\link.command.1.tlog
d:\новая папка\users\admin\source\repos\infinity core\x64\debug\infinity core.tlog\link.read.1.tlog
d:\новая папка\users\admin\source\repos\infinity core\x64\debug\infinity core.tlog\link.write.1.tlog
